<?xml version="1.0" encoding="UTF-8"?>
<!-- Generated by org.testng.reporters.JUnitXMLReporter -->
<testsuite ignored="2" hostname="Laptop-BharatSingh" failures="0" tests="2" name="Default test" time="8.081" errors="0" timestamp="2024-02-17T16:16:41 IST">
  <testcase classname="TestCase.LoginTestCase" name="LoginTestCase1" time="0.214"/>
  <testcase classname="TestCase.LoginTestCase" name="LoginTestCase3" time="0.221"/>
  <testcase classname="TestCase.LoginTestCase" name="LoginTestCase2" time="0.0">
    <ignored/>
  </testcase> <!-- LoginTestCase2 -->
  <testcase classname="TestCase.LoginTestCase" name="LoginTestCase4" time="0.0">
    <ignored/>
  </testcase> <!-- LoginTestCase4 -->
</testsuite> <!-- Default test -->
