<?xml version="1.0" encoding="UTF-8"?>
<!-- Generated by org.testng.reporters.JUnitXMLReporter -->
<testsuite ignored="0" hostname="Laptop-BharatSingh" failures="0" tests="5" name="Test" time="17.024" errors="0" timestamp="2024-02-17T16:09:07 IST">
  <testcase classname="TestCase.ProductTestCase" name="ProductTestCase1" time="0.374"/>
  <testcase classname="TestCase.ProductTestCase" name="ProductTestCase2" time="0.336"/>
  <testcase classname="TestCase.CheckOutTestCase" name="Checkout1" time="0.224"/>
  <testcase classname="TestCase.CheckOutTestCase" name="Checkout2" time="0.182"/>
  <testcase classname="TestCase.CheckOutTestCase" name="Checkout3" time="0.186"/>
</testsuite> <!-- Test -->
