<?xml version="1.0" encoding="UTF-8"?>
<testng-results ignored="0" total="2" passed="2" failed="0" skipped="0">
  <reporter-output>
  </reporter-output>
  <suite started-at="2024-02-17T16:16:33 IST" name="Default suite" finished-at="2024-02-17T16:16:41 IST" duration-ms="8081">
    <groups>
    </groups>
    <test started-at="2024-02-17T16:16:33 IST" name="Default test" finished-at="2024-02-17T16:16:41 IST" duration-ms="8081">
      <class name="TestCase.LoginTestCase">
        <test-method is-config="true" signature="Setup()[pri:0, instance:TestCase.LoginTestCase@6771beb3]" started-at="2024-02-17T16:16:33 IST" name="Setup" finished-at="2024-02-17T16:16:38 IST" duration-ms="4730" status="PASS">
          <reporter-output>
          </reporter-output>
        </test-method> <!-- Setup -->
        <test-method signature="LoginTestCase1()[pri:0, instance:TestCase.LoginTestCase@6771beb3]" started-at="2024-02-17T16:16:38 IST" name="LoginTestCase1" finished-at="2024-02-17T16:16:38 IST" duration-ms="214" status="PASS">
          <reporter-output>
          </reporter-output>
        </test-method> <!-- LoginTestCase1 -->
        <test-method is-config="true" signature="TearDown()[pri:0, instance:TestCase.LoginTestCase@6771beb3]" started-at="2024-02-17T16:16:38 IST" name="TearDown" finished-at="2024-02-17T16:16:38 IST" duration-ms="128" status="PASS">
          <reporter-output>
          </reporter-output>
        </test-method> <!-- TearDown -->
        <test-method is-config="true" signature="Setup()[pri:0, instance:TestCase.LoginTestCase@6771beb3]" started-at="2024-02-17T16:16:38 IST" name="Setup" finished-at="2024-02-17T16:16:41 IST" duration-ms="2579" status="PASS">
          <reporter-output>
          </reporter-output>
        </test-method> <!-- Setup -->
        <test-method signature="LoginTestCase3()[pri:0, instance:TestCase.LoginTestCase@6771beb3]" started-at="2024-02-17T16:16:41 IST" name="LoginTestCase3" finished-at="2024-02-17T16:16:41 IST" duration-ms="221" status="PASS">
          <reporter-output>
          </reporter-output>
        </test-method> <!-- LoginTestCase3 -->
        <test-method is-config="true" signature="TearDown()[pri:0, instance:TestCase.LoginTestCase@6771beb3]" started-at="2024-02-17T16:16:41 IST" name="TearDown" finished-at="2024-02-17T16:16:41 IST" duration-ms="153" status="PASS">
          <reporter-output>
          </reporter-output>
        </test-method> <!-- TearDown -->
      </class> <!-- TestCase.LoginTestCase -->
    </test> <!-- Default test -->
  </suite> <!-- Default suite -->
</testng-results>
